<?xml version="1.0" encoding="UTF-8"?>
<testsuite xmlns:xsi="http://www.w3.org/2001/XMLSchema-instance" xsi:noNamespaceSchemaLocation="https://maven.apache.org/surefire/maven-surefire-plugin/xsd/surefire-test-report.xsd" name="TestSuite" time="0.637" tests="0" errors="0" skipped="0" failures="0">
  <properties>
    <property name="gopherProxySet" value="false"/>
    <property name="awt.toolkit" value="sun.lwawt.macosx.LWCToolkit"/>
    <property name="file.encoding.pkg" value="sun.io"/>
    <property name="java.specification.version" value="1.8"/>
    <property name="sun.cpu.isalist" value=""/>
    <property name="sun.jnu.encoding" value="UTF-8"/>
    <property name="java.class.path" value="/Users/suryalolla/mtbank/openshift-tasks-master/target/test-classes:/Users/suryalolla/mtbank/openshift-tasks-master/target/classes:/Users/suryalolla/.m2/repository/javax/enterprise/cdi-api/1.0.0.SP4-redhat-5/cdi-api-1.0.0.SP4-redhat-5.jar:/Users/suryalolla/.m2/repository/org/jboss/spec/javax/interceptor/jboss-interceptors-api_1.1_spec/1.0.1.Final-redhat-3/jboss-interceptors-api_1.1_spec-1.0.1.Final-redhat-3.jar:/Users/suryalolla/.m2/repository/javax/inject/javax.inject/1.0.0.redhat-5/javax.inject-1.0.0.redhat-5.jar:/Users/suryalolla/.m2/repository/org/hibernate/javax/persistence/hibernate-jpa-2.0-api/1.0.1.Final-redhat-3/hibernate-jpa-2.0-api-1.0.1.Final-redhat-3.jar:/Users/suryalolla/.m2/repository/org/jboss/spec/javax/ws/rs/jboss-jaxrs-api_1.1_spec/1.0.1.Final-redhat-3/jboss-jaxrs-api_1.1_spec-1.0.1.Final-redhat-3.jar:/Users/suryalolla/.m2/repository/org/jboss/resteasy/resteasy-jackson-provider/2.3.1.GA/resteasy-jackson-provider-2.3.1.GA.jar:/Users/suryalolla/.m2/repository/org/codehaus/jackson/jackson-core-asl/1.8.5/jackson-core-asl-1.8.5.jar:/Users/suryalolla/.m2/repository/org/codehaus/jackson/jackson-mapper-asl/1.8.5/jackson-mapper-asl-1.8.5.jar:/Users/suryalolla/.m2/repository/org/codehaus/jackson/jackson-jaxrs/1.8.5/jackson-jaxrs-1.8.5.jar:/Users/suryalolla/.m2/repository/org/codehaus/jackson/jackson-xc/1.8.5/jackson-xc-1.8.5.jar:/Users/suryalolla/.m2/repository/org/jboss/spec/javax/ejb/jboss-ejb-api_3.1_spec/1.0.2.Final-redhat-3/jboss-ejb-api_3.1_spec-1.0.2.Final-redhat-3.jar:/Users/suryalolla/.m2/repository/junit/junit/4.11/junit-4.11.jar:/Users/suryalolla/.m2/repository/org/hamcrest/hamcrest-core/1.3/hamcrest-core-1.3.jar:/Users/suryalolla/.m2/repository/org/jboss/arquillian/junit/arquillian-junit-container/1.1.0.Final/arquillian-junit-container-1.1.0.Final.jar:/Users/suryalolla/.m2/repository/org/jboss/arquillian/junit/arquillian-junit-core/1.1.0.Final/arquillian-junit-core-1.1.0.Final.jar:/Users/suryalolla/.m2/repository/org/jboss/arquillian/test/arquillian-test-api/1.1.0.Final/arquillian-test-api-1.1.0.Final.jar:/Users/suryalolla/.m2/repository/org/jboss/arquillian/test/arquillian-test-spi/1.1.0.Final/arquillian-test-spi-1.1.0.Final.jar:/Users/suryalolla/.m2/repository/org/jboss/arquillian/core/arquillian-core-spi/1.1.0.Final/arquillian-core-spi-1.1.0.Final.jar:/Users/suryalolla/.m2/repository/org/jboss/arquillian/container/arquillian-container-test-api/1.1.0.Final/arquillian-container-test-api-1.1.0.Final.jar:/Users/suryalolla/.m2/repository/org/jboss/shrinkwrap/shrinkwrap-api/1.1.2/shrinkwrap-api-1.1.2.jar:/Users/suryalolla/.m2/repository/org/jboss/arquillian/container/arquillian-container-test-spi/1.1.0.Final/arquillian-container-test-spi-1.1.0.Final.jar:/Users/suryalolla/.m2/repository/org/jboss/arquillian/core/arquillian-core-impl-base/1.1.0.Final/arquillian-core-impl-base-1.1.0.Final.jar:/Users/suryalolla/.m2/repository/org/jboss/arquillian/test/arquillian-test-impl-base/1.1.0.Final/arquillian-test-impl-base-1.1.0.Final.jar:/Users/suryalolla/.m2/repository/org/jboss/arquillian/container/arquillian-container-impl-base/1.1.0.Final/arquillian-container-impl-base-1.1.0.Final.jar:/Users/suryalolla/.m2/repository/org/jboss/arquillian/config/arquillian-config-api/1.1.0.Final/arquillian-config-api-1.1.0.Final.jar:/Users/suryalolla/.m2/repository/org/jboss/arquillian/config/arquillian-config-impl-base/1.1.0.Final/arquillian-config-impl-base-1.1.0.Final.jar:/Users/suryalolla/.m2/repository/org/jboss/arquillian/container/arquillian-container-test-impl-base/1.1.0.Final/arquillian-container-test-impl-base-1.1.0.Final.jar:/Users/suryalolla/.m2/repository/org/jboss/shrinkwrap/shrinkwrap-impl-base/1.1.2/shrinkwrap-impl-base-1.1.2.jar:/Users/suryalolla/.m2/repository/org/jboss/shrinkwrap/shrinkwrap-spi/1.1.2/shrinkwrap-spi-1.1.2.jar:/Users/suryalolla/.m2/repository/org/jboss/arquillian/protocol/arquillian-protocol-servlet/1.1.0.Final/arquillian-protocol-servlet-1.1.0.Final.jar:/Users/suryalolla/.m2/repository/org/jboss/arquillian/container/arquillian-container-spi/1.1.0.Final/arquillian-container-spi-1.1.0.Final.jar:/Users/suryalolla/.m2/repository/org/jboss/shrinkwrap/descriptors/shrinkwrap-descriptors-api-base/2.0.0-alpha-3/shrinkwrap-descriptors-api-base-2.0.0-alpha-3.jar:/Users/suryalolla/.m2/repository/org/jboss/shrinkwrap/descriptors/shrinkwrap-descriptors-spi/2.0.0-alpha-3/shrinkwrap-descriptors-spi-2.0.0-alpha-3.jar:/Users/suryalolla/.m2/repository/org/mockito/mockito-core/2.0.54-beta/mockito-core-2.0.54-beta.jar:/Users/suryalolla/.m2/repository/net/bytebuddy/byte-buddy/1.3.16/byte-buddy-1.3.16.jar:/Users/suryalolla/.m2/repository/org/objenesis/objenesis/2.1/objenesis-2.1.jar:/Users/suryalolla/.m2/repository/com/sun/jersey/jersey-client/1.12/jersey-client-1.12.jar:/Users/suryalolla/.m2/repository/com/sun/jersey/jersey-core/1.12/jersey-core-1.12.jar:/Users/suryalolla/.m2/repository/org/seleniumhq/selenium/selenium-java/3.14.0/selenium-java-3.14.0.jar:/Users/suryalolla/.m2/repository/org/seleniumhq/selenium/selenium-api/2.29.0/selenium-api-2.29.0.jar:/Users/suryalolla/.m2/repository/org/json/json/20080701/json-20080701.jar:/Users/suryalolla/.m2/repository/org/seleniumhq/selenium/selenium-chrome-driver/2.29.0/selenium-chrome-driver-2.29.0.jar:/Users/suryalolla/.m2/repository/org/seleniumhq/selenium/selenium-edge-driver/3.14.0/selenium-edge-driver-3.14.0.jar:/Users/suryalolla/.m2/repository/org/seleniumhq/selenium/selenium-firefox-driver/2.29.0/selenium-firefox-driver-2.29.0.jar:/Users/suryalolla/.m2/repository/org/seleniumhq/selenium/selenium-ie-driver/2.29.0/selenium-ie-driver-2.29.0.jar:/Users/suryalolla/.m2/repository/net/java/dev/jna/jna/3.4.0/jna-3.4.0.jar:/Users/suryalolla/.m2/repository/net/java/dev/jna/platform/3.4.0/platform-3.4.0.jar:/Users/suryalolla/.m2/repository/org/seleniumhq/selenium/selenium-opera-driver/3.14.0/selenium-opera-driver-3.14.0.jar:/Users/suryalolla/.m2/repository/org/seleniumhq/selenium/selenium-remote-driver/2.29.0/selenium-remote-driver-2.29.0.jar:/Users/suryalolla/.m2/repository/cglib/cglib-nodep/2.1_3/cglib-nodep-2.1_3.jar:/Users/suryalolla/.m2/repository/org/seleniumhq/selenium/selenium-safari-driver/3.14.0/selenium-safari-driver-3.14.0.jar:/Users/suryalolla/.m2/repository/org/seleniumhq/selenium/selenium-support/2.29.0/selenium-support-2.29.0.jar:/Users/suryalolla/.m2/repository/org/apache/commons/commons-exec/1.3/commons-exec-1.3.jar:/Users/suryalolla/.m2/repository/commons-codec/commons-codec/1.10/commons-codec-1.10.jar:/Users/suryalolla/.m2/repository/commons-logging/commons-logging/1.2/commons-logging-1.2.jar:/Users/suryalolla/.m2/repository/com/google/guava/guava/25.0-jre/guava-25.0-jre.jar:/Users/suryalolla/.m2/repository/com/google/code/findbugs/jsr305/1.3.9/jsr305-1.3.9.jar:/Users/suryalolla/.m2/repository/org/checkerframework/checker-compat-qual/2.0.0/checker-compat-qual-2.0.0.jar:/Users/suryalolla/.m2/repository/com/google/errorprone/error_prone_annotations/2.1.3/error_prone_annotations-2.1.3.jar:/Users/suryalolla/.m2/repository/com/google/j2objc/j2objc-annotations/1.1/j2objc-annotations-1.1.jar:/Users/suryalolla/.m2/repository/org/codehaus/mojo/animal-sniffer-annotations/1.14/animal-sniffer-annotations-1.14.jar:/Users/suryalolla/.m2/repository/org/apache/httpcomponents/httpclient/4.5.5/httpclient-4.5.5.jar:/Users/suryalolla/.m2/repository/org/apache/httpcomponents/httpcore/4.4.9/httpcore-4.4.9.jar:/Users/suryalolla/.m2/repository/com/squareup/okhttp3/okhttp/3.10.0/okhttp-3.10.0.jar:/Users/suryalolla/.m2/repository/com/squareup/okio/okio/1.14.1/okio-1.14.1.jar:/Users/suryalolla/.m2/repository/org/seleniumhq/selenium/selenium-server/3.14.0/selenium-server-3.14.0.jar:/Users/suryalolla/.m2/repository/com/beust/jcommander/1.72/jcommander-1.72.jar:/Users/suryalolla/.m2/repository/org/apache/commons/commons-lang3/3.7/commons-lang3-3.7.jar:/Users/suryalolla/.m2/repository/org/apache/commons/commons-text/1.1/commons-text-1.1.jar:/Users/suryalolla/.m2/repository/commons-io/commons-io/2.6/commons-io-2.6.jar:/Users/suryalolla/.m2/repository/commons-net/commons-net/3.6/commons-net-3.6.jar:/Users/suryalolla/.m2/repository/net/sourceforge/htmlunit/htmlunit/2.30/htmlunit-2.30.jar:/Users/suryalolla/.m2/repository/net/sourceforge/htmlunit/htmlunit-core-js/2.28/htmlunit-core-js-2.28.jar:/Users/suryalolla/.m2/repository/net/sourceforge/htmlunit/htmlunit-cssparser/1.0.0/htmlunit-cssparser-1.0.0.jar:/Users/suryalolla/.m2/repository/net/sourceforge/htmlunit/neko-htmlunit/2.30/neko-htmlunit-2.30.jar:/Users/suryalolla/.m2/repository/org/apache/httpcomponents/httpmime/4.5.5/httpmime-4.5.5.jar:/Users/suryalolla/.m2/repository/net/jcip/jcip-annotations/1.0/jcip-annotations-1.0.jar:/Users/suryalolla/.m2/repository/org/seleniumhq/selenium/jetty-repacked/9.4.8.v20180619/jetty-repacked-9.4.8.v20180619.jar:/Users/suryalolla/.m2/repository/org/eclipse/jetty/jetty-client/9.4.8.v20180619/jetty-client-9.4.8.v20180619.jar:/Users/suryalolla/.m2/repository/org/eclipse/jetty/jetty-http/9.4.8.v20180619/jetty-http-9.4.8.v20180619.jar:/Users/suryalolla/.m2/repository/org/eclipse/jetty/jetty-io/9.4.8.v20180619/jetty-io-9.4.8.v20180619.jar:/Users/suryalolla/.m2/repository/org/eclipse/jetty/jetty-util/9.4.8.v20180619/jetty-util-9.4.8.v20180619.jar:/Users/suryalolla/.m2/repository/org/eclipse/jetty/jetty-xml/9.4.8.v20180619/jetty-xml-9.4.8.v20180619.jar:/Users/suryalolla/.m2/repository/org/seleniumhq/selenium/htmlunit-driver/2.30.0/htmlunit-driver-2.30.0.jar:/Users/suryalolla/.m2/repository/javax/servlet/javax.servlet-api/3.1.0/javax.servlet-api-3.1.0.jar:/Users/suryalolla/.m2/repository/org/eclipse/jetty/websocket/websocket-api/9.4.8.v20180619/websocket-api-9.4.8.v20180619.jar:/Users/suryalolla/.m2/repository/org/eclipse/jetty/websocket/websocket-client/9.4.8.v20180619/websocket-client-9.4.8.v20180619.jar:/Users/suryalolla/.m2/repository/org/eclipse/jetty/websocket/websocket-common/9.4.8.v20180619/websocket-common-9.4.8.v20180619.jar:/Users/suryalolla/.m2/repository/xalan/serializer/2.7.2/serializer-2.7.2.jar:/Users/suryalolla/.m2/repository/xalan/xalan/2.7.2/xalan-2.7.2.jar:/Users/suryalolla/.m2/repository/xerces/xercesImpl/2.11.0/xercesImpl-2.11.0.jar:/Users/suryalolla/.m2/repository/xml-apis/xml-apis/1.4.01/xml-apis-1.4.01.jar:/Users/suryalolla/.m2/repository/org/yaml/snakeyaml/1.19/snakeyaml-1.19.jar:/Users/suryalolla/.m2/repository/org/testng/testng/6.14.3/testng-6.14.3.jar:/Users/suryalolla/.m2/repository/org/apache-extras/beanshell/bsh/2.0b6/bsh-2.0b6.jar:/Users/suryalolla/.m2/repository/org/jboss/as/jboss-as-arquillian-container-remote/7.2.0.Final/jboss-as-arquillian-container-remote-7.2.0.Final.jar:/Users/suryalolla/.m2/repository/org/jboss/as/jboss-as-arquillian-common/7.2.0.Final/jboss-as-arquillian-common-7.2.0.Final.jar:/Users/suryalolla/.m2/repository/org/jboss/arquillian/container/arquillian-container-osgi/1.0.3.Final/arquillian-container-osgi-1.0.3.Final.jar:/Users/suryalolla/.m2/repository/org/jboss/arquillian/testenricher/arquillian-testenricher-cdi/1.1.0.Final/arquillian-testenricher-cdi-1.1.0.Final.jar:/Users/suryalolla/.m2/repository/org/jboss/arquillian/testenricher/arquillian-testenricher-ejb/1.1.0.Final/arquillian-testenricher-ejb-1.1.0.Final.jar:/Users/suryalolla/.m2/repository/org/jboss/arquillian/testenricher/arquillian-testenricher-initialcontext/1.1.0.Final/arquillian-testenricher-initialcontext-1.1.0.Final.jar:/Users/suryalolla/.m2/repository/org/jboss/arquillian/testenricher/arquillian-testenricher-osgi/1.0.3.Final/arquillian-testenricher-osgi-1.0.3.Final.jar:/Users/suryalolla/.m2/repository/org/jboss/arquillian/testenricher/arquillian-testenricher-resource/1.1.0.Final/arquillian-testenricher-resource-1.1.0.Final.jar:/Users/suryalolla/.m2/repository/org/jboss/as/jboss-as-arquillian-testenricher-msc/7.2.0.Final/jboss-as-arquillian-testenricher-msc-7.2.0.Final.jar:/Users/suryalolla/.m2/repository/org/jboss/as/jboss-as-server/7.2.0.Final/jboss-as-server-7.2.0.Final.jar:/Users/suryalolla/.m2/repository/org/jboss/as/jboss-as-controller/7.2.0.Final/jboss-as-controller-7.2.0.Final.jar:/Users/suryalolla/.m2/repository/org/jboss/staxmapper/1.1.0.Final/staxmapper-1.1.0.Final.jar:/Users/suryalolla/.m2/repository/org/jboss/as/jboss-as-domain-http-interface/7.2.0.Final/jboss-as-domain-http-interface-7.2.0.Final.jar:/Users/suryalolla/.m2/repository/org/jboss/as/jboss-as-domain-management/7.2.0.Final/jboss-as-domain-management-7.2.0.Final.jar:/Users/suryalolla/.m2/repository/org/jboss/com/sun/httpserver/httpserver/1.0.1.Final/httpserver-1.0.1.Final.jar:/Users/suryalolla/.m2/repository/org/jboss/as/jboss-as-deployment-repository/7.2.0.Final/jboss-as-deployment-repository-7.2.0.Final.jar:/Users/suryalolla/.m2/repository/org/jboss/as/jboss-as-platform-mbean/7.2.0.Final/jboss-as-platform-mbean-7.2.0.Final.jar:/Users/suryalolla/.m2/repository/org/jboss/as/jboss-as-process-controller/7.2.0.Final/jboss-as-process-controller-7.2.0.Final.jar:/Library/Java/JavaVirtualMachines/jdk1.8.0_181.jdk/Contents/Home/jre/../lib/tools.jar:/Users/suryalolla/.m2/repository/org/jboss/as/jboss-as-remoting/7.2.0.Final/jboss-as-remoting-7.2.0.Final.jar:/Users/suryalolla/.m2/repository/org/jboss/as/jboss-as-network/7.2.0.Final/jboss-as-network-7.2.0.Final.jar:/Users/suryalolla/.m2/repository/org/jboss/as/jboss-as-version/7.2.0.Final/jboss-as-version-7.2.0.Final.jar:/Users/suryalolla/.m2/repository/org/jboss/jandex/1.0.3.Final/jandex-1.0.3.Final.jar:/Users/suryalolla/.m2/repository/org/jboss/invocation/jboss-invocation/1.1.1.Final/jboss-invocation-1.1.1.Final.jar:/Users/suryalolla/.m2/repository/org/jboss/logmanager/log4j-jboss-logmanager/1.0.1.Final/log4j-jboss-logmanager-1.0.1.Final.jar:/Users/suryalolla/.m2/repository/org/jboss/stdio/jboss-stdio/1.0.1.GA/jboss-stdio-1.0.1.GA.jar:/Users/suryalolla/.m2/repository/org/jboss/jboss-vfs/3.1.0.Final/jboss-vfs-3.1.0.Final.jar:/Users/suryalolla/.m2/repository/org/jboss/logging/jboss-logging/3.1.2.GA/jboss-logging-3.1.2.GA.jar:/Users/suryalolla/.m2/repository/org/jboss/msc/jboss-msc/1.0.4.GA/jboss-msc-1.0.4.GA.jar:/Users/suryalolla/.m2/repository/org/jboss/as/jboss-as-controller-client/7.2.0.Final/jboss-as-controller-client-7.2.0.Final.jar:/Users/suryalolla/.m2/repository/org/jboss/as/jboss-as-protocol/7.2.0.Final/jboss-as-protocol-7.2.0.Final.jar:/Users/suryalolla/.m2/repository/org/jboss/jboss-dmr/1.1.6.Final/jboss-dmr-1.1.6.Final.jar:/Users/suryalolla/.m2/repository/org/jboss/threads/jboss-threads/2.1.0.Final/jboss-threads-2.1.0.Final.jar:/Users/suryalolla/.m2/repository/org/jboss/as/jboss-as-jmx/7.2.0.Final/jboss-as-jmx-7.2.0.Final.jar:/Users/suryalolla/.m2/repository/org/jboss/jboss-common-core/2.2.17.GA/jboss-common-core-2.2.17.GA.jar:/Users/suryalolla/.m2/repository/org/jboss/as/jboss-as-naming/7.2.0.Final/jboss-as-naming-7.2.0.Final.jar:/Users/suryalolla/.m2/repository/org/jboss/jboss-remote-naming/1.0.5.Final/jboss-remote-naming-1.0.5.Final.jar:/Users/suryalolla/.m2/repository/org/jboss/jboss-ejb-client/1.0.0.Final/jboss-ejb-client-1.0.0.Final.jar:/Users/suryalolla/.m2/repository/org/jboss/osgi/spi/jbosgi-spi/3.2.0.Final/jbosgi-spi-3.2.0.Final.jar:/Users/suryalolla/.m2/repository/org/jboss/osgi/metadata/jbosgi-metadata/2.1.1.CR9/jbosgi-metadata-2.1.1.CR9.jar:/Users/suryalolla/.m2/repository/org/jboss/osgi/vfs/jbosgi-vfs30/1.2.0.Final/jbosgi-vfs30-1.2.0.Final.jar:/Users/suryalolla/.m2/repository/org/jboss/osgi/vfs/jbosgi-vfs/1.2.0.Final/jbosgi-vfs-1.2.0.Final.jar:/Users/suryalolla/.m2/repository/org/jboss/shrinkwrap/resolver/shrinkwrap-resolver-impl-maven/2.0.0/shrinkwrap-resolver-impl-maven-2.0.0.jar:/Users/suryalolla/.m2/repository/org/jboss/shrinkwrap/resolver/shrinkwrap-resolver-api-maven/2.0.0/shrinkwrap-resolver-api-maven-2.0.0.jar:/Users/suryalolla/.m2/repository/org/jboss/shrinkwrap/resolver/shrinkwrap-resolver-api/2.0.0/shrinkwrap-resolver-api-2.0.0.jar:/Users/suryalolla/.m2/repository/org/jboss/shrinkwrap/resolver/shrinkwrap-resolver-spi-maven/2.0.0/shrinkwrap-resolver-spi-maven-2.0.0.jar:/Users/suryalolla/.m2/repository/org/jboss/shrinkwrap/resolver/shrinkwrap-resolver-spi/2.0.0/shrinkwrap-resolver-spi-2.0.0.jar:/Users/suryalolla/.m2/repository/org/sonatype/aether/aether-api/1.13.1/aether-api-1.13.1.jar:/Users/suryalolla/.m2/repository/org/sonatype/aether/aether-impl/1.13.1/aether-impl-1.13.1.jar:/Users/suryalolla/.m2/repository/org/sonatype/aether/aether-spi/1.13.1/aether-spi-1.13.1.jar:/Users/suryalolla/.m2/repository/org/sonatype/aether/aether-util/1.13.1/aether-util-1.13.1.jar:/Users/suryalolla/.m2/repository/org/sonatype/aether/aether-connector-wagon/1.13.1/aether-connector-wagon-1.13.1.jar:/Users/suryalolla/.m2/repository/org/apache/maven/maven-aether-provider/3.0.5/maven-aether-provider-3.0.5.jar:/Users/suryalolla/.m2/repository/org/apache/maven/maven-model/3.0.5/maven-model-3.0.5.jar:/Users/suryalolla/.m2/repository/org/apache/maven/maven-model-builder/3.0.5/maven-model-builder-3.0.5.jar:/Users/suryalolla/.m2/repository/org/apache/maven/maven-repository-metadata/3.0.5/maven-repository-metadata-3.0.5.jar:/Users/suryalolla/.m2/repository/org/apache/maven/maven-settings/3.0.5/maven-settings-3.0.5.jar:/Users/suryalolla/.m2/repository/org/apache/maven/maven-settings-builder/3.0.5/maven-settings-builder-3.0.5.jar:/Users/suryalolla/.m2/repository/org/codehaus/plexus/plexus-interpolation/1.14/plexus-interpolation-1.14.jar:/Users/suryalolla/.m2/repository/org/codehaus/plexus/plexus-utils/2.0.6/plexus-utils-2.0.6.jar:/Users/suryalolla/.m2/repository/org/sonatype/plexus/plexus-sec-dispatcher/1.4/plexus-sec-dispatcher-1.4.jar:/Users/suryalolla/.m2/repository/org/sonatype/plexus/plexus-cipher/1.4/plexus-cipher-1.4.jar:/Users/suryalolla/.m2/repository/org/apache/maven/wagon/wagon-provider-api/2.4/wagon-provider-api-2.4.jar:/Users/suryalolla/.m2/repository/org/apache/maven/wagon/wagon-file/2.4/wagon-file-2.4.jar:/Users/suryalolla/.m2/repository/org/apache/maven/wagon/wagon-http-lightweight/2.4/wagon-http-lightweight-2.4.jar:/Users/suryalolla/.m2/repository/org/apache/maven/wagon/wagon-http-shared4/2.4/wagon-http-shared4-2.4.jar:/Users/suryalolla/.m2/repository/org/jsoup/jsoup/1.7.1/jsoup-1.7.1.jar:/Users/suryalolla/.m2/repository/org/jboss/remotingjmx/remoting-jmx/1.1.0.Final/remoting-jmx-1.1.0.Final.jar:/Users/suryalolla/.m2/repository/org/jboss/logmanager/jboss-logmanager/1.4.0.Final/jboss-logmanager-1.4.0.Final.jar:/Users/suryalolla/.m2/repository/org/jboss/logging/jboss-logging-processor/1.1.0.Final/jboss-logging-processor-1.1.0.Final.jar:/Users/suryalolla/.m2/repository/org/jboss/jdeparser/jdeparser/1.0.0.Final/jdeparser-1.0.0.Final.jar:/Users/suryalolla/.m2/repository/org/jboss/remoting3/jboss-remoting/3.2.12.GA/jboss-remoting-3.2.12.GA.jar:/Users/suryalolla/.m2/repository/org/jboss/xnio/xnio-api/3.0.7.GA/xnio-api-3.0.7.GA.jar:/Users/suryalolla/.m2/repository/org/jboss/xnio/xnio-nio/3.0.7.GA/xnio-nio-3.0.7.GA.jar:/Users/suryalolla/.m2/repository/org/jboss/sasl/jboss-sasl/1.0.3.Final/jboss-sasl-1.0.3.Final.jar:/Users/suryalolla/.m2/repository/org/osgi/org.osgi.core/4.2.0/org.osgi.core-4.2.0.jar:/Users/suryalolla/.m2/repository/org/jboss/as/jboss-as-arquillian-protocol-jmx/7.2.0.Final/jboss-as-arquillian-protocol-jmx-7.2.0.Final.jar:/Users/suryalolla/.m2/repository/org/jboss/as/jboss-as-osgi-service/7.2.0.Final/jboss-as-osgi-service-7.2.0.Final.jar:/Users/suryalolla/.m2/repository/org/jboss/as/jboss-as-ee/7.2.0.Final/jboss-as-ee-7.2.0.Final.jar:/Users/suryalolla/.m2/repository/javax/validation/validation-api/1.0.0.GA-redhat-3/validation-api-1.0.0.GA-redhat-3.jar:/Users/suryalolla/.m2/repository/org/hibernate/hibernate-validator/4.3.1.Final/hibernate-validator-4.3.1.Final.jar:/Users/suryalolla/.m2/repository/org/jboss/metadata/jboss-metadata-common/7.0.8.Final/jboss-metadata-common-7.0.8.Final.jar:/Users/suryalolla/.m2/repository/org/jboss/metadata/jboss-metadata-ear/7.0.8.Final/jboss-metadata-ear-7.0.8.Final.jar:/Users/suryalolla/.m2/repository/org/jboss/spec/javax/transaction/jboss-transaction-api_1.1_spec/1.0.1.Final-redhat-3/jboss-transaction-api_1.1_spec-1.0.1.Final-redhat-3.jar:/Users/suryalolla/.m2/repository/org/jboss/spec/javax/annotation/jboss-annotations-api_1.1_spec/1.0.1.Final-redhat-3/jboss-annotations-api_1.1_spec-1.0.1.Final-redhat-3.jar:/Users/suryalolla/.m2/repository/org/jboss/modules/jboss-modules/1.2.0.CR1/jboss-modules-1.2.0.CR1.jar:/Users/suryalolla/.m2/repository/org/jboss/osgi/framework/jbosgi-framework-core/2.1.0.CR12/jbosgi-framework-core-2.1.0.CR12.jar:/Users/suryalolla/.m2/repository/org/jboss/osgi/deployment/jbosgi-deployment/1.3.0.CR1/jbosgi-deployment-1.3.0.CR1.jar:/Users/suryalolla/.m2/repository/org/jboss/osgi/resolver/jbosgi-resolver-felix/3.0.1.Final/jbosgi-resolver-felix-3.0.1.Final.jar:/Users/suryalolla/.m2/repository/org/jboss/osgi/resolver/jbosgi-resolver-api/3.0.1.Final/jbosgi-resolver-api-3.0.1.Final.jar:/Users/suryalolla/.m2/repository/org/jboss/osgi/repository/jbosgi-repository-api/2.1.0.Final/jbosgi-repository-api-2.1.0.Final.jar:/Users/suryalolla/.m2/repository/org/jboss/osgi/repository/jbosgi-repository-core/2.1.0.Final/jbosgi-repository-core-2.1.0.Final.jar:/Users/suryalolla/.m2/repository/org/jboss/arquillian/protocol/arquillian-protocol-jmx/1.1.0.Final/arquillian-protocol-jmx-1.1.0.Final.jar:/Users/suryalolla/.m2/repository/org/jboss/marshalling/jboss-marshalling-river/1.3.16.GA/jboss-marshalling-river-1.3.16.GA.jar:/Users/suryalolla/.m2/repository/org/jboss/marshalling/jboss-marshalling/1.3.16.GA/jboss-marshalling-1.3.16.GA.jar:/Users/suryalolla/.m2/repository/org/jboss/arquillian/core/arquillian-core-api/1.1.0.Final/arquillian-core-api-1.1.0.Final.jar:/Users/suryalolla/.m2/repository/org/jboss/as/jboss-as-build-config/7.2.0.Final/jboss-as-build-config-7.2.0.Final.jar:/Users/suryalolla/.m2/repository/org/apache/maven/surefire/surefire-testng-utils/2.22.0/surefire-testng-utils-2.22.0.jar:/Users/suryalolla/.m2/repository/org/apache/maven/surefire/surefire-grouper/2.22.0/surefire-grouper-2.22.0.jar:"/>
    <property name="java.vm.vendor" value="Oracle Corporation"/>
    <property name="sun.arch.data.model" value="64"/>
    <property name="java.vendor.url" value="http://java.oracle.com/"/>
    <property name="user.timezone" value=""/>
    <property name="java.vm.specification.version" value="1.8"/>
    <property name="os.name" value="Mac OS X"/>
    <property name="user.country" value="US"/>
    <property name="sun.java.launcher" value="SUN_STANDARD"/>
    <property name="sun.boot.library.path" value="/Library/Java/JavaVirtualMachines/jdk1.8.0_181.jdk/Contents/Home/jre/lib"/>
    <property name="sun.java.command" value="/Users/suryalolla/mtbank/openshift-tasks-master/target/surefire/surefirebooter2562033247402558865.jar /Users/suryalolla/mtbank/openshift-tasks-master/target/surefire 2018-09-26T21-29-25_714-jvmRun1 surefire5943830663642592666tmp surefire_06649895182226226330tmp"/>
    <property name="http.nonProxyHosts" value="local|*.local|169.254/16|*.169.254/16"/>
    <property name="surefire.test.class.path" value="/Users/suryalolla/mtbank/openshift-tasks-master/target/test-classes:/Users/suryalolla/mtbank/openshift-tasks-master/target/classes:/Users/suryalolla/.m2/repository/javax/enterprise/cdi-api/1.0.0.SP4-redhat-5/cdi-api-1.0.0.SP4-redhat-5.jar:/Users/suryalolla/.m2/repository/org/jboss/spec/javax/interceptor/jboss-interceptors-api_1.1_spec/1.0.1.Final-redhat-3/jboss-interceptors-api_1.1_spec-1.0.1.Final-redhat-3.jar:/Users/suryalolla/.m2/repository/javax/inject/javax.inject/1.0.0.redhat-5/javax.inject-1.0.0.redhat-5.jar:/Users/suryalolla/.m2/repository/org/hibernate/javax/persistence/hibernate-jpa-2.0-api/1.0.1.Final-redhat-3/hibernate-jpa-2.0-api-1.0.1.Final-redhat-3.jar:/Users/suryalolla/.m2/repository/org/jboss/spec/javax/ws/rs/jboss-jaxrs-api_1.1_spec/1.0.1.Final-redhat-3/jboss-jaxrs-api_1.1_spec-1.0.1.Final-redhat-3.jar:/Users/suryalolla/.m2/repository/org/jboss/resteasy/resteasy-jackson-provider/2.3.1.GA/resteasy-jackson-provider-2.3.1.GA.jar:/Users/suryalolla/.m2/repository/org/codehaus/jackson/jackson-core-asl/1.8.5/jackson-core-asl-1.8.5.jar:/Users/suryalolla/.m2/repository/org/codehaus/jackson/jackson-mapper-asl/1.8.5/jackson-mapper-asl-1.8.5.jar:/Users/suryalolla/.m2/repository/org/codehaus/jackson/jackson-jaxrs/1.8.5/jackson-jaxrs-1.8.5.jar:/Users/suryalolla/.m2/repository/org/codehaus/jackson/jackson-xc/1.8.5/jackson-xc-1.8.5.jar:/Users/suryalolla/.m2/repository/org/jboss/spec/javax/ejb/jboss-ejb-api_3.1_spec/1.0.2.Final-redhat-3/jboss-ejb-api_3.1_spec-1.0.2.Final-redhat-3.jar:/Users/suryalolla/.m2/repository/junit/junit/4.11/junit-4.11.jar:/Users/suryalolla/.m2/repository/org/hamcrest/hamcrest-core/1.3/hamcrest-core-1.3.jar:/Users/suryalolla/.m2/repository/org/jboss/arquillian/junit/arquillian-junit-container/1.1.0.Final/arquillian-junit-container-1.1.0.Final.jar:/Users/suryalolla/.m2/repository/org/jboss/arquillian/junit/arquillian-junit-core/1.1.0.Final/arquillian-junit-core-1.1.0.Final.jar:/Users/suryalolla/.m2/repository/org/jboss/arquillian/test/arquillian-test-api/1.1.0.Final/arquillian-test-api-1.1.0.Final.jar:/Users/suryalolla/.m2/repository/org/jboss/arquillian/test/arquillian-test-spi/1.1.0.Final/arquillian-test-spi-1.1.0.Final.jar:/Users/suryalolla/.m2/repository/org/jboss/arquillian/core/arquillian-core-spi/1.1.0.Final/arquillian-core-spi-1.1.0.Final.jar:/Users/suryalolla/.m2/repository/org/jboss/arquillian/container/arquillian-container-test-api/1.1.0.Final/arquillian-container-test-api-1.1.0.Final.jar:/Users/suryalolla/.m2/repository/org/jboss/shrinkwrap/shrinkwrap-api/1.1.2/shrinkwrap-api-1.1.2.jar:/Users/suryalolla/.m2/repository/org/jboss/arquillian/container/arquillian-container-test-spi/1.1.0.Final/arquillian-container-test-spi-1.1.0.Final.jar:/Users/suryalolla/.m2/repository/org/jboss/arquillian/core/arquillian-core-impl-base/1.1.0.Final/arquillian-core-impl-base-1.1.0.Final.jar:/Users/suryalolla/.m2/repository/org/jboss/arquillian/test/arquillian-test-impl-base/1.1.0.Final/arquillian-test-impl-base-1.1.0.Final.jar:/Users/suryalolla/.m2/repository/org/jboss/arquillian/container/arquillian-container-impl-base/1.1.0.Final/arquillian-container-impl-base-1.1.0.Final.jar:/Users/suryalolla/.m2/repository/org/jboss/arquillian/config/arquillian-config-api/1.1.0.Final/arquillian-config-api-1.1.0.Final.jar:/Users/suryalolla/.m2/repository/org/jboss/arquillian/config/arquillian-config-impl-base/1.1.0.Final/arquillian-config-impl-base-1.1.0.Final.jar:/Users/suryalolla/.m2/repository/org/jboss/arquillian/container/arquillian-container-test-impl-base/1.1.0.Final/arquillian-container-test-impl-base-1.1.0.Final.jar:/Users/suryalolla/.m2/repository/org/jboss/shrinkwrap/shrinkwrap-impl-base/1.1.2/shrinkwrap-impl-base-1.1.2.jar:/Users/suryalolla/.m2/repository/org/jboss/shrinkwrap/shrinkwrap-spi/1.1.2/shrinkwrap-spi-1.1.2.jar:/Users/suryalolla/.m2/repository/org/jboss/arquillian/protocol/arquillian-protocol-servlet/1.1.0.Final/arquillian-protocol-servlet-1.1.0.Final.jar:/Users/suryalolla/.m2/repository/org/jboss/arquillian/container/arquillian-container-spi/1.1.0.Final/arquillian-container-spi-1.1.0.Final.jar:/Users/suryalolla/.m2/repository/org/jboss/shrinkwrap/descriptors/shrinkwrap-descriptors-api-base/2.0.0-alpha-3/shrinkwrap-descriptors-api-base-2.0.0-alpha-3.jar:/Users/suryalolla/.m2/repository/org/jboss/shrinkwrap/descriptors/shrinkwrap-descriptors-spi/2.0.0-alpha-3/shrinkwrap-descriptors-spi-2.0.0-alpha-3.jar:/Users/suryalolla/.m2/repository/org/mockito/mockito-core/2.0.54-beta/mockito-core-2.0.54-beta.jar:/Users/suryalolla/.m2/repository/net/bytebuddy/byte-buddy/1.3.16/byte-buddy-1.3.16.jar:/Users/suryalolla/.m2/repository/org/objenesis/objenesis/2.1/objenesis-2.1.jar:/Users/suryalolla/.m2/repository/com/sun/jersey/jersey-client/1.12/jersey-client-1.12.jar:/Users/suryalolla/.m2/repository/com/sun/jersey/jersey-core/1.12/jersey-core-1.12.jar:/Users/suryalolla/.m2/repository/org/seleniumhq/selenium/selenium-java/3.14.0/selenium-java-3.14.0.jar:/Users/suryalolla/.m2/repository/org/seleniumhq/selenium/selenium-api/2.29.0/selenium-api-2.29.0.jar:/Users/suryalolla/.m2/repository/org/json/json/20080701/json-20080701.jar:/Users/suryalolla/.m2/repository/org/seleniumhq/selenium/selenium-chrome-driver/2.29.0/selenium-chrome-driver-2.29.0.jar:/Users/suryalolla/.m2/repository/org/seleniumhq/selenium/selenium-edge-driver/3.14.0/selenium-edge-driver-3.14.0.jar:/Users/suryalolla/.m2/repository/org/seleniumhq/selenium/selenium-firefox-driver/2.29.0/selenium-firefox-driver-2.29.0.jar:/Users/suryalolla/.m2/repository/org/seleniumhq/selenium/selenium-ie-driver/2.29.0/selenium-ie-driver-2.29.0.jar:/Users/suryalolla/.m2/repository/net/java/dev/jna/jna/3.4.0/jna-3.4.0.jar:/Users/suryalolla/.m2/repository/net/java/dev/jna/platform/3.4.0/platform-3.4.0.jar:/Users/suryalolla/.m2/repository/org/seleniumhq/selenium/selenium-opera-driver/3.14.0/selenium-opera-driver-3.14.0.jar:/Users/suryalolla/.m2/repository/org/seleniumhq/selenium/selenium-remote-driver/2.29.0/selenium-remote-driver-2.29.0.jar:/Users/suryalolla/.m2/repository/cglib/cglib-nodep/2.1_3/cglib-nodep-2.1_3.jar:/Users/suryalolla/.m2/repository/org/seleniumhq/selenium/selenium-safari-driver/3.14.0/selenium-safari-driver-3.14.0.jar:/Users/suryalolla/.m2/repository/org/seleniumhq/selenium/selenium-support/2.29.0/selenium-support-2.29.0.jar:/Users/suryalolla/.m2/repository/org/apache/commons/commons-exec/1.3/commons-exec-1.3.jar:/Users/suryalolla/.m2/repository/commons-codec/commons-codec/1.10/commons-codec-1.10.jar:/Users/suryalolla/.m2/repository/commons-logging/commons-logging/1.2/commons-logging-1.2.jar:/Users/suryalolla/.m2/repository/com/google/guava/guava/25.0-jre/guava-25.0-jre.jar:/Users/suryalolla/.m2/repository/com/google/code/findbugs/jsr305/1.3.9/jsr305-1.3.9.jar:/Users/suryalolla/.m2/repository/org/checkerframework/checker-compat-qual/2.0.0/checker-compat-qual-2.0.0.jar:/Users/suryalolla/.m2/repository/com/google/errorprone/error_prone_annotations/2.1.3/error_prone_annotations-2.1.3.jar:/Users/suryalolla/.m2/repository/com/google/j2objc/j2objc-annotations/1.1/j2objc-annotations-1.1.jar:/Users/suryalolla/.m2/repository/org/codehaus/mojo/animal-sniffer-annotations/1.14/animal-sniffer-annotations-1.14.jar:/Users/suryalolla/.m2/repository/org/apache/httpcomponents/httpclient/4.5.5/httpclient-4.5.5.jar:/Users/suryalolla/.m2/repository/org/apache/httpcomponents/httpcore/4.4.9/httpcore-4.4.9.jar:/Users/suryalolla/.m2/repository/com/squareup/okhttp3/okhttp/3.10.0/okhttp-3.10.0.jar:/Users/suryalolla/.m2/repository/com/squareup/okio/okio/1.14.1/okio-1.14.1.jar:/Users/suryalolla/.m2/repository/org/seleniumhq/selenium/selenium-server/3.14.0/selenium-server-3.14.0.jar:/Users/suryalolla/.m2/repository/com/beust/jcommander/1.72/jcommander-1.72.jar:/Users/suryalolla/.m2/repository/org/apache/commons/commons-lang3/3.7/commons-lang3-3.7.jar:/Users/suryalolla/.m2/repository/org/apache/commons/commons-text/1.1/commons-text-1.1.jar:/Users/suryalolla/.m2/repository/commons-io/commons-io/2.6/commons-io-2.6.jar:/Users/suryalolla/.m2/repository/commons-net/commons-net/3.6/commons-net-3.6.jar:/Users/suryalolla/.m2/repository/net/sourceforge/htmlunit/htmlunit/2.30/htmlunit-2.30.jar:/Users/suryalolla/.m2/repository/net/sourceforge/htmlunit/htmlunit-core-js/2.28/htmlunit-core-js-2.28.jar:/Users/suryalolla/.m2/repository/net/sourceforge/htmlunit/htmlunit-cssparser/1.0.0/htmlunit-cssparser-1.0.0.jar:/Users/suryalolla/.m2/repository/net/sourceforge/htmlunit/neko-htmlunit/2.30/neko-htmlunit-2.30.jar:/Users/suryalolla/.m2/repository/org/apache/httpcomponents/httpmime/4.5.5/httpmime-4.5.5.jar:/Users/suryalolla/.m2/repository/net/jcip/jcip-annotations/1.0/jcip-annotations-1.0.jar:/Users/suryalolla/.m2/repository/org/seleniumhq/selenium/jetty-repacked/9.4.8.v20180619/jetty-repacked-9.4.8.v20180619.jar:/Users/suryalolla/.m2/repository/org/eclipse/jetty/jetty-client/9.4.8.v20180619/jetty-client-9.4.8.v20180619.jar:/Users/suryalolla/.m2/repository/org/eclipse/jetty/jetty-http/9.4.8.v20180619/jetty-http-9.4.8.v20180619.jar:/Users/suryalolla/.m2/repository/org/eclipse/jetty/jetty-io/9.4.8.v20180619/jetty-io-9.4.8.v20180619.jar:/Users/suryalolla/.m2/repository/org/eclipse/jetty/jetty-util/9.4.8.v20180619/jetty-util-9.4.8.v20180619.jar:/Users/suryalolla/.m2/repository/org/eclipse/jetty/jetty-xml/9.4.8.v20180619/jetty-xml-9.4.8.v20180619.jar:/Users/suryalolla/.m2/repository/org/seleniumhq/selenium/htmlunit-driver/2.30.0/htmlunit-driver-2.30.0.jar:/Users/suryalolla/.m2/repository/javax/servlet/javax.servlet-api/3.1.0/javax.servlet-api-3.1.0.jar:/Users/suryalolla/.m2/repository/org/eclipse/jetty/websocket/websocket-api/9.4.8.v20180619/websocket-api-9.4.8.v20180619.jar:/Users/suryalolla/.m2/repository/org/eclipse/jetty/websocket/websocket-client/9.4.8.v20180619/websocket-client-9.4.8.v20180619.jar:/Users/suryalolla/.m2/repository/org/eclipse/jetty/websocket/websocket-common/9.4.8.v20180619/websocket-common-9.4.8.v20180619.jar:/Users/suryalolla/.m2/repository/xalan/serializer/2.7.2/serializer-2.7.2.jar:/Users/suryalolla/.m2/repository/xalan/xalan/2.7.2/xalan-2.7.2.jar:/Users/suryalolla/.m2/repository/xerces/xercesImpl/2.11.0/xercesImpl-2.11.0.jar:/Users/suryalolla/.m2/repository/xml-apis/xml-apis/1.4.01/xml-apis-1.4.01.jar:/Users/suryalolla/.m2/repository/org/yaml/snakeyaml/1.19/snakeyaml-1.19.jar:/Users/suryalolla/.m2/repository/org/testng/testng/6.14.3/testng-6.14.3.jar:/Users/suryalolla/.m2/repository/org/apache-extras/beanshell/bsh/2.0b6/bsh-2.0b6.jar:/Users/suryalolla/.m2/repository/org/jboss/as/jboss-as-arquillian-container-remote/7.2.0.Final/jboss-as-arquillian-container-remote-7.2.0.Final.jar:/Users/suryalolla/.m2/repository/org/jboss/as/jboss-as-arquillian-common/7.2.0.Final/jboss-as-arquillian-common-7.2.0.Final.jar:/Users/suryalolla/.m2/repository/org/jboss/arquillian/container/arquillian-container-osgi/1.0.3.Final/arquillian-container-osgi-1.0.3.Final.jar:/Users/suryalolla/.m2/repository/org/jboss/arquillian/testenricher/arquillian-testenricher-cdi/1.1.0.Final/arquillian-testenricher-cdi-1.1.0.Final.jar:/Users/suryalolla/.m2/repository/org/jboss/arquillian/testenricher/arquillian-testenricher-ejb/1.1.0.Final/arquillian-testenricher-ejb-1.1.0.Final.jar:/Users/suryalolla/.m2/repository/org/jboss/arquillian/testenricher/arquillian-testenricher-initialcontext/1.1.0.Final/arquillian-testenricher-initialcontext-1.1.0.Final.jar:/Users/suryalolla/.m2/repository/org/jboss/arquillian/testenricher/arquillian-testenricher-osgi/1.0.3.Final/arquillian-testenricher-osgi-1.0.3.Final.jar:/Users/suryalolla/.m2/repository/org/jboss/arquillian/testenricher/arquillian-testenricher-resource/1.1.0.Final/arquillian-testenricher-resource-1.1.0.Final.jar:/Users/suryalolla/.m2/repository/org/jboss/as/jboss-as-arquillian-testenricher-msc/7.2.0.Final/jboss-as-arquillian-testenricher-msc-7.2.0.Final.jar:/Users/suryalolla/.m2/repository/org/jboss/as/jboss-as-server/7.2.0.Final/jboss-as-server-7.2.0.Final.jar:/Users/suryalolla/.m2/repository/org/jboss/as/jboss-as-controller/7.2.0.Final/jboss-as-controller-7.2.0.Final.jar:/Users/suryalolla/.m2/repository/org/jboss/staxmapper/1.1.0.Final/staxmapper-1.1.0.Final.jar:/Users/suryalolla/.m2/repository/org/jboss/as/jboss-as-domain-http-interface/7.2.0.Final/jboss-as-domain-http-interface-7.2.0.Final.jar:/Users/suryalolla/.m2/repository/org/jboss/as/jboss-as-domain-management/7.2.0.Final/jboss-as-domain-management-7.2.0.Final.jar:/Users/suryalolla/.m2/repository/org/jboss/com/sun/httpserver/httpserver/1.0.1.Final/httpserver-1.0.1.Final.jar:/Users/suryalolla/.m2/repository/org/jboss/as/jboss-as-deployment-repository/7.2.0.Final/jboss-as-deployment-repository-7.2.0.Final.jar:/Users/suryalolla/.m2/repository/org/jboss/as/jboss-as-platform-mbean/7.2.0.Final/jboss-as-platform-mbean-7.2.0.Final.jar:/Users/suryalolla/.m2/repository/org/jboss/as/jboss-as-process-controller/7.2.0.Final/jboss-as-process-controller-7.2.0.Final.jar:/Library/Java/JavaVirtualMachines/jdk1.8.0_181.jdk/Contents/Home/jre/../lib/tools.jar:/Users/suryalolla/.m2/repository/org/jboss/as/jboss-as-remoting/7.2.0.Final/jboss-as-remoting-7.2.0.Final.jar:/Users/suryalolla/.m2/repository/org/jboss/as/jboss-as-network/7.2.0.Final/jboss-as-network-7.2.0.Final.jar:/Users/suryalolla/.m2/repository/org/jboss/as/jboss-as-version/7.2.0.Final/jboss-as-version-7.2.0.Final.jar:/Users/suryalolla/.m2/repository/org/jboss/jandex/1.0.3.Final/jandex-1.0.3.Final.jar:/Users/suryalolla/.m2/repository/org/jboss/invocation/jboss-invocation/1.1.1.Final/jboss-invocation-1.1.1.Final.jar:/Users/suryalolla/.m2/repository/org/jboss/logmanager/log4j-jboss-logmanager/1.0.1.Final/log4j-jboss-logmanager-1.0.1.Final.jar:/Users/suryalolla/.m2/repository/org/jboss/stdio/jboss-stdio/1.0.1.GA/jboss-stdio-1.0.1.GA.jar:/Users/suryalolla/.m2/repository/org/jboss/jboss-vfs/3.1.0.Final/jboss-vfs-3.1.0.Final.jar:/Users/suryalolla/.m2/repository/org/jboss/logging/jboss-logging/3.1.2.GA/jboss-logging-3.1.2.GA.jar:/Users/suryalolla/.m2/repository/org/jboss/msc/jboss-msc/1.0.4.GA/jboss-msc-1.0.4.GA.jar:/Users/suryalolla/.m2/repository/org/jboss/as/jboss-as-controller-client/7.2.0.Final/jboss-as-controller-client-7.2.0.Final.jar:/Users/suryalolla/.m2/repository/org/jboss/as/jboss-as-protocol/7.2.0.Final/jboss-as-protocol-7.2.0.Final.jar:/Users/suryalolla/.m2/repository/org/jboss/jboss-dmr/1.1.6.Final/jboss-dmr-1.1.6.Final.jar:/Users/suryalolla/.m2/repository/org/jboss/threads/jboss-threads/2.1.0.Final/jboss-threads-2.1.0.Final.jar:/Users/suryalolla/.m2/repository/org/jboss/as/jboss-as-jmx/7.2.0.Final/jboss-as-jmx-7.2.0.Final.jar:/Users/suryalolla/.m2/repository/org/jboss/jboss-common-core/2.2.17.GA/jboss-common-core-2.2.17.GA.jar:/Users/suryalolla/.m2/repository/org/jboss/as/jboss-as-naming/7.2.0.Final/jboss-as-naming-7.2.0.Final.jar:/Users/suryalolla/.m2/repository/org/jboss/jboss-remote-naming/1.0.5.Final/jboss-remote-naming-1.0.5.Final.jar:/Users/suryalolla/.m2/repository/org/jboss/jboss-ejb-client/1.0.0.Final/jboss-ejb-client-1.0.0.Final.jar:/Users/suryalolla/.m2/repository/org/jboss/osgi/spi/jbosgi-spi/3.2.0.Final/jbosgi-spi-3.2.0.Final.jar:/Users/suryalolla/.m2/repository/org/jboss/osgi/metadata/jbosgi-metadata/2.1.1.CR9/jbosgi-metadata-2.1.1.CR9.jar:/Users/suryalolla/.m2/repository/org/jboss/osgi/vfs/jbosgi-vfs30/1.2.0.Final/jbosgi-vfs30-1.2.0.Final.jar:/Users/suryalolla/.m2/repository/org/jboss/osgi/vfs/jbosgi-vfs/1.2.0.Final/jbosgi-vfs-1.2.0.Final.jar:/Users/suryalolla/.m2/repository/org/jboss/shrinkwrap/resolver/shrinkwrap-resolver-impl-maven/2.0.0/shrinkwrap-resolver-impl-maven-2.0.0.jar:/Users/suryalolla/.m2/repository/org/jboss/shrinkwrap/resolver/shrinkwrap-resolver-api-maven/2.0.0/shrinkwrap-resolver-api-maven-2.0.0.jar:/Users/suryalolla/.m2/repository/org/jboss/shrinkwrap/resolver/shrinkwrap-resolver-api/2.0.0/shrinkwrap-resolver-api-2.0.0.jar:/Users/suryalolla/.m2/repository/org/jboss/shrinkwrap/resolver/shrinkwrap-resolver-spi-maven/2.0.0/shrinkwrap-resolver-spi-maven-2.0.0.jar:/Users/suryalolla/.m2/repository/org/jboss/shrinkwrap/resolver/shrinkwrap-resolver-spi/2.0.0/shrinkwrap-resolver-spi-2.0.0.jar:/Users/suryalolla/.m2/repository/org/sonatype/aether/aether-api/1.13.1/aether-api-1.13.1.jar:/Users/suryalolla/.m2/repository/org/sonatype/aether/aether-impl/1.13.1/aether-impl-1.13.1.jar:/Users/suryalolla/.m2/repository/org/sonatype/aether/aether-spi/1.13.1/aether-spi-1.13.1.jar:/Users/suryalolla/.m2/repository/org/sonatype/aether/aether-util/1.13.1/aether-util-1.13.1.jar:/Users/suryalolla/.m2/repository/org/sonatype/aether/aether-connector-wagon/1.13.1/aether-connector-wagon-1.13.1.jar:/Users/suryalolla/.m2/repository/org/apache/maven/maven-aether-provider/3.0.5/maven-aether-provider-3.0.5.jar:/Users/suryalolla/.m2/repository/org/apache/maven/maven-model/3.0.5/maven-model-3.0.5.jar:/Users/suryalolla/.m2/repository/org/apache/maven/maven-model-builder/3.0.5/maven-model-builder-3.0.5.jar:/Users/suryalolla/.m2/repository/org/apache/maven/maven-repository-metadata/3.0.5/maven-repository-metadata-3.0.5.jar:/Users/suryalolla/.m2/repository/org/apache/maven/maven-settings/3.0.5/maven-settings-3.0.5.jar:/Users/suryalolla/.m2/repository/org/apache/maven/maven-settings-builder/3.0.5/maven-settings-builder-3.0.5.jar:/Users/suryalolla/.m2/repository/org/codehaus/plexus/plexus-interpolation/1.14/plexus-interpolation-1.14.jar:/Users/suryalolla/.m2/repository/org/codehaus/plexus/plexus-utils/2.0.6/plexus-utils-2.0.6.jar:/Users/suryalolla/.m2/repository/org/sonatype/plexus/plexus-sec-dispatcher/1.4/plexus-sec-dispatcher-1.4.jar:/Users/suryalolla/.m2/repository/org/sonatype/plexus/plexus-cipher/1.4/plexus-cipher-1.4.jar:/Users/suryalolla/.m2/repository/org/apache/maven/wagon/wagon-provider-api/2.4/wagon-provider-api-2.4.jar:/Users/suryalolla/.m2/repository/org/apache/maven/wagon/wagon-file/2.4/wagon-file-2.4.jar:/Users/suryalolla/.m2/repository/org/apache/maven/wagon/wagon-http-lightweight/2.4/wagon-http-lightweight-2.4.jar:/Users/suryalolla/.m2/repository/org/apache/maven/wagon/wagon-http-shared4/2.4/wagon-http-shared4-2.4.jar:/Users/suryalolla/.m2/repository/org/jsoup/jsoup/1.7.1/jsoup-1.7.1.jar:/Users/suryalolla/.m2/repository/org/jboss/remotingjmx/remoting-jmx/1.1.0.Final/remoting-jmx-1.1.0.Final.jar:/Users/suryalolla/.m2/repository/org/jboss/logmanager/jboss-logmanager/1.4.0.Final/jboss-logmanager-1.4.0.Final.jar:/Users/suryalolla/.m2/repository/org/jboss/logging/jboss-logging-processor/1.1.0.Final/jboss-logging-processor-1.1.0.Final.jar:/Users/suryalolla/.m2/repository/org/jboss/jdeparser/jdeparser/1.0.0.Final/jdeparser-1.0.0.Final.jar:/Users/suryalolla/.m2/repository/org/jboss/remoting3/jboss-remoting/3.2.12.GA/jboss-remoting-3.2.12.GA.jar:/Users/suryalolla/.m2/repository/org/jboss/xnio/xnio-api/3.0.7.GA/xnio-api-3.0.7.GA.jar:/Users/suryalolla/.m2/repository/org/jboss/xnio/xnio-nio/3.0.7.GA/xnio-nio-3.0.7.GA.jar:/Users/suryalolla/.m2/repository/org/jboss/sasl/jboss-sasl/1.0.3.Final/jboss-sasl-1.0.3.Final.jar:/Users/suryalolla/.m2/repository/org/osgi/org.osgi.core/4.2.0/org.osgi.core-4.2.0.jar:/Users/suryalolla/.m2/repository/org/jboss/as/jboss-as-arquillian-protocol-jmx/7.2.0.Final/jboss-as-arquillian-protocol-jmx-7.2.0.Final.jar:/Users/suryalolla/.m2/repository/org/jboss/as/jboss-as-osgi-service/7.2.0.Final/jboss-as-osgi-service-7.2.0.Final.jar:/Users/suryalolla/.m2/repository/org/jboss/as/jboss-as-ee/7.2.0.Final/jboss-as-ee-7.2.0.Final.jar:/Users/suryalolla/.m2/repository/javax/validation/validation-api/1.0.0.GA-redhat-3/validation-api-1.0.0.GA-redhat-3.jar:/Users/suryalolla/.m2/repository/org/hibernate/hibernate-validator/4.3.1.Final/hibernate-validator-4.3.1.Final.jar:/Users/suryalolla/.m2/repository/org/jboss/metadata/jboss-metadata-common/7.0.8.Final/jboss-metadata-common-7.0.8.Final.jar:/Users/suryalolla/.m2/repository/org/jboss/metadata/jboss-metadata-ear/7.0.8.Final/jboss-metadata-ear-7.0.8.Final.jar:/Users/suryalolla/.m2/repository/org/jboss/spec/javax/transaction/jboss-transaction-api_1.1_spec/1.0.1.Final-redhat-3/jboss-transaction-api_1.1_spec-1.0.1.Final-redhat-3.jar:/Users/suryalolla/.m2/repository/org/jboss/spec/javax/annotation/jboss-annotations-api_1.1_spec/1.0.1.Final-redhat-3/jboss-annotations-api_1.1_spec-1.0.1.Final-redhat-3.jar:/Users/suryalolla/.m2/repository/org/jboss/modules/jboss-modules/1.2.0.CR1/jboss-modules-1.2.0.CR1.jar:/Users/suryalolla/.m2/repository/org/jboss/osgi/framework/jbosgi-framework-core/2.1.0.CR12/jbosgi-framework-core-2.1.0.CR12.jar:/Users/suryalolla/.m2/repository/org/jboss/osgi/deployment/jbosgi-deployment/1.3.0.CR1/jbosgi-deployment-1.3.0.CR1.jar:/Users/suryalolla/.m2/repository/org/jboss/osgi/resolver/jbosgi-resolver-felix/3.0.1.Final/jbosgi-resolver-felix-3.0.1.Final.jar:/Users/suryalolla/.m2/repository/org/jboss/osgi/resolver/jbosgi-resolver-api/3.0.1.Final/jbosgi-resolver-api-3.0.1.Final.jar:/Users/suryalolla/.m2/repository/org/jboss/osgi/repository/jbosgi-repository-api/2.1.0.Final/jbosgi-repository-api-2.1.0.Final.jar:/Users/suryalolla/.m2/repository/org/jboss/osgi/repository/jbosgi-repository-core/2.1.0.Final/jbosgi-repository-core-2.1.0.Final.jar:/Users/suryalolla/.m2/repository/org/jboss/arquillian/protocol/arquillian-protocol-jmx/1.1.0.Final/arquillian-protocol-jmx-1.1.0.Final.jar:/Users/suryalolla/.m2/repository/org/jboss/marshalling/jboss-marshalling-river/1.3.16.GA/jboss-marshalling-river-1.3.16.GA.jar:/Users/suryalolla/.m2/repository/org/jboss/marshalling/jboss-marshalling/1.3.16.GA/jboss-marshalling-1.3.16.GA.jar:/Users/suryalolla/.m2/repository/org/jboss/arquillian/core/arquillian-core-api/1.1.0.Final/arquillian-core-api-1.1.0.Final.jar:/Users/suryalolla/.m2/repository/org/jboss/as/jboss-as-build-config/7.2.0.Final/jboss-as-build-config-7.2.0.Final.jar:/Users/suryalolla/.m2/repository/org/apache/maven/surefire/surefire-testng-utils/2.22.0/surefire-testng-utils-2.22.0.jar:/Users/suryalolla/.m2/repository/org/apache/maven/surefire/surefire-grouper/2.22.0/surefire-grouper-2.22.0.jar:"/>
    <property name="sun.cpu.endian" value="little"/>
    <property name="user.home" value="/Users/suryalolla"/>
    <property name="user.language" value="en"/>
    <property name="java.specification.vendor" value="Oracle Corporation"/>
    <property name="java.home" value="/Library/Java/JavaVirtualMachines/jdk1.8.0_181.jdk/Contents/Home/jre"/>
    <property name="basedir" value="/Users/suryalolla/mtbank/openshift-tasks-master"/>
    <property name="file.separator" value="/"/>
    <property name="line.separator" value="&#10;"/>
    <property name="java.vm.specification.vendor" value="Oracle Corporation"/>
    <property name="java.specification.name" value="Java Platform API Specification"/>
    <property name="java.awt.graphicsenv" value="sun.awt.CGraphicsEnvironment"/>
    <property name="surefire.real.class.path" value="/Users/suryalolla/mtbank/openshift-tasks-master/target/surefire/surefirebooter2562033247402558865.jar:/Users/suryalolla/.m2/repository/org/jacoco/org.jacoco.agent/0.7.6.201602180812/org.jacoco.agent-0.7.6.201602180812-runtime.jar"/>
    <property name="sun.boot.class.path" value="/Library/Java/JavaVirtualMachines/jdk1.8.0_181.jdk/Contents/Home/jre/lib/resources.jar:/Library/Java/JavaVirtualMachines/jdk1.8.0_181.jdk/Contents/Home/jre/lib/rt.jar:/Library/Java/JavaVirtualMachines/jdk1.8.0_181.jdk/Contents/Home/jre/lib/sunrsasign.jar:/Library/Java/JavaVirtualMachines/jdk1.8.0_181.jdk/Contents/Home/jre/lib/jsse.jar:/Library/Java/JavaVirtualMachines/jdk1.8.0_181.jdk/Contents/Home/jre/lib/jce.jar:/Library/Java/JavaVirtualMachines/jdk1.8.0_181.jdk/Contents/Home/jre/lib/charsets.jar:/Library/Java/JavaVirtualMachines/jdk1.8.0_181.jdk/Contents/Home/jre/lib/jfr.jar:/Library/Java/JavaVirtualMachines/jdk1.8.0_181.jdk/Contents/Home/jre/classes"/>
    <property name="sun.management.compiler" value="HotSpot 64-Bit Tiered Compilers"/>
    <property name="ftp.nonProxyHosts" value="local|*.local|169.254/16|*.169.254/16"/>
    <property name="java.runtime.version" value="1.8.0_181-b13"/>
    <property name="user.name" value="suryalolla"/>
    <property name="path.separator" value=":"/>
    <property name="os.version" value="10.13.6"/>
    <property name="java.endorsed.dirs" value="/Library/Java/JavaVirtualMachines/jdk1.8.0_181.jdk/Contents/Home/jre/lib/endorsed"/>
    <property name="java.runtime.name" value="Java(TM) SE Runtime Environment"/>
    <property name="file.encoding" value="UTF-8"/>
    <property name="java.vm.name" value="Java HotSpot(TM) 64-Bit Server VM"/>
    <property name="localRepository" value="/Users/suryalolla/.m2/repository"/>
    <property name="java.vendor.url.bug" value="http://bugreport.sun.com/bugreport/"/>
    <property name="java.io.tmpdir" value="/var/folders/tr/tsnnl7gj63sfk9hf6gg55cmh0000gn/T/"/>
    <property name="java.version" value="1.8.0_181"/>
    <property name="user.dir" value="/Users/suryalolla/mtbank/openshift-tasks-master"/>
    <property name="os.arch" value="x86_64"/>
    <property name="java.vm.specification.name" value="Java Virtual Machine Specification"/>
    <property name="java.awt.printerjob" value="sun.lwawt.macosx.CPrinterJob"/>
    <property name="sun.os.patch.level" value="unknown"/>
    <property name="java.library.path" value="/Users/suryalolla/Library/Java/Extensions:/Library/Java/Extensions:/Network/Library/Java/Extensions:/System/Library/Java/Extensions:/usr/lib/java:."/>
    <property name="java.vm.info" value="mixed mode"/>
    <property name="java.vendor" value="Oracle Corporation"/>
    <property name="java.vm.version" value="25.181-b13"/>
    <property name="java.ext.dirs" value="/Users/suryalolla/Library/Java/Extensions:/Library/Java/JavaVirtualMachines/jdk1.8.0_181.jdk/Contents/Home/jre/lib/ext:/Library/Java/Extensions:/Network/Library/Java/Extensions:/System/Library/Java/Extensions:/usr/lib/java"/>
    <property name="sun.io.unicode.encoding" value="UnicodeBig"/>
    <property name="java.class.version" value="52.0"/>
    <property name="socksNonProxyHosts" value="local|*.local|169.254/16|*.169.254/16"/>
  </properties>
</testsuite>