<?xml version="1.0" encoding="UTF-8"?>
<!-- Generated by org.testng.reporters.JUnitReportReporter -->
<testsuite skipped="1" hostname="Suryas-MBP" name="org.jboss.as.quickstarts.tasksrs.service.UserResourceTest" tests="1" failures="0" timestamp="27 Sep 2018 01:02:54 GMT" time="0.000" errors="0">
  <testcase name="getUsersSortedByTask" time="0.000" classname="org.jboss.as.quickstarts.tasksrs.service.UserResourceTest">
    <skipped/>
  </testcase> <!-- getUsersSortedByTask -->
</testsuite> <!-- org.jboss.as.quickstarts.tasksrs.service.UserResourceTest -->
