<?xml version="1.0" encoding="UTF-8"?>
<!-- Generated by org.testng.reporters.JUnitReportReporter -->
<testsuite skipped="0" hostname="Suryas-MBP" name="org.jboss.as.quickstarts.tasksrs.service.AppTest" tests="3" failures="0" timestamp="27 Sep 2018 06:51:41 GMT" time="6.613" errors="0">
  <testcase name="getTaskByIdWithNonExistingUser" time="3.303" classname="org.jboss.as.quickstarts.tasksrs.service.AppTest"/>
  <testcase name="deleteTaskById" time="3.306" classname="org.jboss.as.quickstarts.tasksrs.service.AppTest"/>
  <testcase name="createTaskWithNewUser" time="0.004" classname="org.jboss.as.quickstarts.tasksrs.service.AppTest"/>
</testsuite> <!-- org.jboss.as.quickstarts.tasksrs.service.AppTest -->
