<?xml version="1.0" encoding="UTF-8"?>
<!-- Generated by org.testng.reporters.JUnitReportReporter -->
<testsuite skipped="0" hostname="Suryas-MBP" name="org.jboss.as.quickstarts.tasksrs.service.TaskResourceTest" tests="3" failures="0" timestamp="27 Sep 2018 01:02:54 GMT" time="2.165" errors="0">
  <testcase name="deleteTaskById" time="0.724" classname="org.jboss.as.quickstarts.tasksrs.service.TaskResourceTest"/>
  <testcase name="createTaskWithNewUser" time="0.719" classname="org.jboss.as.quickstarts.tasksrs.service.TaskResourceTest"/>
  <testcase name="getTaskByIdWithNonExistingUser" time="0.722" classname="org.jboss.as.quickstarts.tasksrs.service.TaskResourceTest"/>
</testsuite> <!-- org.jboss.as.quickstarts.tasksrs.service.TaskResourceTest -->
