<?xml version="1.0" encoding="UTF-8"?>
<!-- Generated by org.testng.reporters.JUnitReportReporter -->
<testsuite skipped="0" hostname="Suryas-MBP" name="org.jboss.as.quickstarts.tasksrs.service.AppTest" tests="1" failures="0" timestamp="27 Sep 2018 02:03:11 GMT" time="0.619" errors="0">
  <testcase name="verifyOpenShiftTasksPageTittle" time="0.619" classname="org.jboss.as.quickstarts.tasksrs.service.AppTest"/>
</testsuite> <!-- org.jboss.as.quickstarts.tasksrs.service.AppTest -->
