<?xml version="1.0" encoding="UTF-8"?>
<!-- Generated by org.testng.reporters.JUnitReportReporter -->
<testsuite skipped="0" hostname="Suryas-MBP" name="org.jboss.as.quickstarts.tasksrs.service.NewTest" tests="1" failures="0" timestamp="27 Sep 2018 02:01:43 GMT" time="0.995" errors="0">
  <testcase name="verifySearchButton" time="0.995" classname="org.jboss.as.quickstarts.tasksrs.service.NewTest"/>
</testsuite> <!-- org.jboss.as.quickstarts.tasksrs.service.NewTest -->
